
id==>UEF0UC06XPJX74LOOFHMTETET61CDWC2==>UEF0UC06XPJX74LOOFHMTETET61CDWC2==>5
code==>55262==>55262==>5
date==>2020-12-04T08:37:54Z==>2020-12-04T08:37:54Z==>5
expires==>2020-12-04T09:07:54Z==>2020-12-04T09:07:54Z==>5
from==>1352541==>1352541==>5
fromname==>Kidan Customer==>Kidan Customer==>5
to==>1807605==>1807605==>5
toname==>Kidan Business 2==>Kidan Business 2==>5
amount==>5==>5==>5
description==>Asking for money to test the trannsaction request==>Asking for money to test the trannsaction request==>5
currency==>ETB==>ETB==>5
status==>PENDING==>PENDING==>5
statusdetail==>REGULAR_TRANSFER==>REGULAR_TRANSFER==>5
id==>AIDXMGVL04PDF1JZHXXUFQYRSLFGJUUP==>AIDXMGVL04PDF1JZHXXUFQYRSLFGJUUP==>5
code==>49591==>49591==>5
date==>2020-12-04T08:48:23Z==>2020-12-04T08:48:23Z==>5
expires==>2020-12-04T09:18:23Z==>2020-12-04T09:18:23Z==>5
from==>1352541==>1352541==>5
fromname==>Kidan Customer==>Kidan Customer==>5
to==>1807605==>1807605==>5
toname==>Kidan Business 2==>Kidan Business 2==>5
amount==>5==>5==>5
description==>Asking for money to test the trannsaction request==>Asking for money to test the trannsaction request==>5
currency==>ETB==>ETB==>5
status==>PENDING==>PENDING==>5
statusdetail==>REGULAR_TRANSFER==>REGULAR_TRANSFER==>5
id==>NIMO9F7MUKU2E1R6EJW70ZK5YOL2JHQK==>NIMO9F7MUKU2E1R6EJW70ZK5YOL2JHQK==>5
code==>44000==>44000==>5
date==>2020-12-04T08:52:47Z==>2020-12-04T08:52:47Z==>5
expires==>2020-12-04T09:22:47Z==>2020-12-04T09:22:47Z==>5
from==>1352541==>1352541==>5
fromname==>Kidan Customer==>Kidan Customer==>5
to==>1807605==>1807605==>5
toname==>Kidan Business 2==>Kidan Business 2==>5
amount==>5==>5==>5
description==>Asking for money to test the trannsaction request==>Asking for money to test the trannsaction request==>5
currency==>ETB==>ETB==>5
status==>PENDING==>PENDING==>5
statusdetail==>REGULAR_TRANSFER==>REGULAR_TRANSFER==>5
id==>S4H5IEOXYDDNDMXGJXZYDPOF5RXZHXZ5==>S4H5IEOXYDDNDMXGJXZYDPOF5RXZHXZ5==>5
code==>15556==>15556==>5
date==>2020-12-04T08:58:58Z==>2020-12-04T08:58:58Z==>5
expires==>2020-12-04T09:28:58Z==>2020-12-04T09:28:58Z==>5
from==>1352541==>1352541==>5
fromname==>Kidan Customer==>Kidan Customer==>5
to==>1807605==>1807605==>5
toname==>Kidan Business 2==>Kidan Business 2==>5
amount==>5==>5==>5
description==>Asking for money to test the trannsaction request==>Asking for money to test the trannsaction request==>5
currency==>ETB==>ETB==>5
status==>PENDING==>PENDING==>5
statusdetail==>REGULAR_TRANSFER==>REGULAR_TRANSFER==>5